<?xml version="1.0" encoding="UTF-8"?>
<!-- Generated by org.testng.reporters.JUnitReportReporter -->
<testsuite hostname="DESKTOP-AKTG691" failures="0" tests="1" name="com.Test.TC_002VerifyRegiStration" time="14.935" errors="0" timestamp="2022-04-05T01:13:32 IST" skipped="0">
  <testcase classname="com.Test.TC_002VerifyRegiStration" name="VerifyRegis" time="14.935"/>
  <system-out/>
</testsuite> <!-- com.Test.TC_002VerifyRegiStration -->
