<?xml version="1.0" encoding="UTF-8"?>
<!-- Generated by org.testng.reporters.JUnitReportReporter -->
<testsuite hostname="DESKTOP-AKTG691" failures="0" tests="1" name="com.Test.TC_002_verifyRegistration" time="4.751" errors="0" timestamp="2022-04-04T15:14:03 IST" skipped="0">
  <testcase classname="com.Test.TC_002_verifyRegistration" name="verfiyRegistration" time="4.751"/>
  <system-out/>
</testsuite> <!-- com.Test.TC_002_verifyRegistration -->
