<?xml version="1.0" encoding="UTF-8"?>
<!-- Generated by org.testng.reporters.JUnitReportReporter -->
<testsuite hostname="DESKTOP-AKTG691" failures="0" tests="1" name="com.Test.TC_001_verifyloginPage" time="9.814" errors="0" timestamp="2022-04-05T01:43:36 IST" skipped="0">
  <testcase classname="com.Test.TC_001_verifyloginPage" name="VerifyFBLogin" time="9.814"/>
  <system-out/>
</testsuite> <!-- com.Test.TC_001_verifyloginPage -->
